<?xml version="1.0" encoding="UTF-8"?>
<testsuite xmlns:xsi="http://www.w3.org/2001/XMLSchema-instance" xsi:noNamespaceSchemaLocation="https://maven.apache.org/surefire/maven-surefire-plugin/xsd/surefire-test-report.xsd" name="karate.ApiTest" time="8.147" tests="1" errors="0" skipped="0" failures="1">
  <properties>
[...]
</properties>
  <testcase name="testParallel" classname="karate.ApiTest" time="8.137">
    <failure message="unexpected &apos;configure&apos; key: &apos;karate.baseUrl&apos;&#10;classpath:karate/jwtGetRequest/getWithJwtRequest.feature:6&#10;unexpected &apos;configure&apos; key: &apos;karate.baseUrl&apos;&#10;classpath:karate/jwtGetRequest/getWithJwtRequest.feature:6&#10;status code was: 401, expected: 200, response time in milliseconds: 10, url: http://localhost:8083/api/addresses, response: &#10;&#10;classpath:karate/apiTest.feature:15&#10;status code was: 401, expected: 200, response time in milliseconds: 10, url: http://localhost:8083/api/addresses/20, response: &#10;&#10;classpath:karate/apiTest.feature:15&#10;status code was: 401, expected: 200, response time in milliseconds: 15, url: http://localhost:8083/api/chains, response: &#10;&#10;classpath:karate/apiTest.feature:15&#10;status code was: 401, expected: 200, response time in milliseconds: 11, url: http://localhost:8083/api/chains/30, response: &#10;&#10;classpath:karate/apiTest.feature:15&#10;status code was: 401, expected: 200, response time in milliseconds: 12, url: http://localhost:8083/api/users, response: &#10;&#10;classpath:karate/apiTest.feature:15&#10;status code was: 401, expected: 200, response time in milliseconds: 11, url: http://localhost:8083/api/users/11, response: &#10;&#10;classpath:karate/apiTest.feature:15&#10;status code was: 401, expected: 200, response time in milliseconds: 15, url: http://localhost:8083/api/coins, response: &#10;&#10;classpath:karate/apiTest.feature:15&#10;status code was: 401, expected: 200, response time in milliseconds: 13, url: http://localhost:8083/api/coins/40, response: &#10;&#10;classpath:karate/apiTest.feature:15&#10;status code was: 401, expected: 200, response time in milliseconds: 40, url: http://localhost:8083/api/nftCoins, response: &#10;&#10;classpath:karate/apiTest.feature:15&#10;status code was: 401, expected: 200, response time in milliseconds: 16, url: http://localhost:8083/api/nftCoins/70, response: &#10;&#10;classpath:karate/apiTest.feature:15&#10;status code was: 401, expected: 200, response time in milliseconds: 15, url: http://localhost:8083/actuator/health, response: &#10;&#10;classpath:karate/springActuator/springActuator.feature:15&#10;status code was: 401, expected: 200, response time in milliseconds: 11, url: http://localhost:8083/actuator/info, response: &#10;&#10;classpath:karate/springActuator/springActuator.feature:15&#10;status code was: 401, expected: 200, response time in milliseconds: 14, url: http://localhost:8083/actuator/env, response: &#10;&#10;classpath:karate/springActuator/springActuator.feature:15&#10;status code was: 401, expected: 200, response time in milliseconds: 12, url: http://localhost:8083/actuator/metrics, response: &#10;&#10;classpath:karate/springActuator/springActuator.feature:15&#10;status code was: 401, expected: 200, response time in milliseconds: 12, url: http://localhost:8083/actuator/loggers, response: &#10;&#10;classpath:karate/springActuator/springActuator.feature:15&#10;status code was: 401, expected: 200, response time in milliseconds: 14, url: http://localhost:8083/rest/users, response: &#10;&#10;classpath:karate/springRest/restData.feature:12&#10;status code was: 401, expected: 200, response time in milliseconds: 13, url: http://localhost:8083/rest/users/20, response: &#10;&#10;classpath:karate/springRest/restData.feature:25&#10;status code was: 401, expected: 200, response time in milliseconds: 14, url: http://localhost:8083/rest/users/20/addresses, response: &#10;&#10;classpath:karate/springRest/restData.feature:88&#10;status code was: 401, expected: 200, response time in milliseconds: 21, url: http://localhost:8083/api/chains, response: &#10;&#10;classpath:karate/chains/chains.feature:13&#10;status code was: 401, expected: 200, response time in milliseconds: 21, url: http://localhost:8083/api/chains/31, response: &#10;&#10;classpath:karate/chains/chains.feature:13&#10;status code was: 401, expected: 200, response time in milliseconds: 16, url: http://localhost:8083/api/chains/name/Ethereum, response: &#10;&#10;classpath:karate/chains/chains.feature:13&#10;status code was: 401, expected: 200, response time in milliseconds: 13, url: http://localhost:8083/api/addresses/20, response: &#10;&#10;classpath:karate/addresses/addresses.feature:14&#10;status code was: 401, expected: 200, response time in milliseconds: 19, url: http://localhost:8083/api/addresses, response: &#10;&#10;classpath:karate/addresses/addresses.feature:14&#10;status code was: 401, expected: 200, response time in milliseconds: 16, url: http://localhost:8083/api/addresses/20/chains, response: &#10;&#10;classpath:karate/addresses/addresses.feature:14&#10;status code was: 401, expected: 200, response time in milliseconds: 13, url: http://localhost:8083/api/users, response: &#10;&#10;classpath:karate/users/users.feature:15&#10;status code was: 401, expected: 201, response time in milliseconds: 9, url: http://localhost:8083/api/users, response: &#10;&#10;classpath:karate/users/users.feature:55 ==&gt; expected: &lt;0&gt; but was: &lt;28&gt;" type="org.opentest4j.AssertionFailedError"><![CDATA[org.opentest4j.AssertionFailedError: 
unexpected 'configure' key: 'karate.baseUrl'
classpath:karate/jwtGetRequest/getWithJwtRequest.feature:6
unexpected 'configure' key: 'karate.baseUrl'
classpath:karate/jwtGetRequest/getWithJwtRequest.feature:6
status code was: 401, expected: 200, response time in milliseconds: 10, url: http://localhost:8083/api/addresses, response: 

classpath:karate/apiTest.feature:15
status code was: 401, expected: 200, response time in milliseconds: 10, url: http://localhost:8083/api/addresses/20, response: 

classpath:karate/apiTest.feature:15
status code was: 401, expected: 200, response time in milliseconds: 15, url: http://localhost:8083/api/chains, response: 

classpath:karate/apiTest.feature:15
status code was: 401, expected: 200, response time in milliseconds: 11, url: http://localhost:8083/api/chains/30, response: 

classpath:karate/apiTest.feature:15
status code was: 401, expected: 200, response time in milliseconds: 12, url: http://localhost:8083/api/users, response: 

classpath:karate/apiTest.feature:15
status code was: 401, expected: 200, response time in milliseconds: 11, url: http://localhost:8083/api/users/11, response: 

classpath:karate/apiTest.feature:15
status code was: 401, expected: 200, response time in milliseconds: 15, url: http://localhost:8083/api/coins, response: 

classpath:karate/apiTest.feature:15
status code was: 401, expected: 200, response time in milliseconds: 13, url: http://localhost:8083/api/coins/40, response: 

classpath:karate/apiTest.feature:15
status code was: 401, expected: 200, response time in milliseconds: 40, url: http://localhost:8083/api/nftCoins, response: 

classpath:karate/apiTest.feature:15
status code was: 401, expected: 200, response time in milliseconds: 16, url: http://localhost:8083/api/nftCoins/70, response: 

classpath:karate/apiTest.feature:15
status code was: 401, expected: 200, response time in milliseconds: 15, url: http://localhost:8083/actuator/health, response: 

classpath:karate/springActuator/springActuator.feature:15
status code was: 401, expected: 200, response time in milliseconds: 11, url: http://localhost:8083/actuator/info, response: 

classpath:karate/springActuator/springActuator.feature:15
status code was: 401, expected: 200, response time in milliseconds: 14, url: http://localhost:8083/actuator/env, response: 

classpath:karate/springActuator/springActuator.feature:15
status code was: 401, expected: 200, response time in milliseconds: 12, url: http://localhost:8083/actuator/metrics, response: 

classpath:karate/springActuator/springActuator.feature:15
status code was: 401, expected: 200, response time in milliseconds: 12, url: http://localhost:8083/actuator/loggers, response: 

classpath:karate/springActuator/springActuator.feature:15
status code was: 401, expected: 200, response time in milliseconds: 14, url: http://localhost:8083/rest/users, response: 

classpath:karate/springRest/restData.feature:12
status code was: 401, expected: 200, response time in milliseconds: 13, url: http://localhost:8083/rest/users/20, response: 

classpath:karate/springRest/restData.feature:25
status code was: 401, expected: 200, response time in milliseconds: 14, url: http://localhost:8083/rest/users/20/addresses, response: 

classpath:karate/springRest/restData.feature:88
status code was: 401, expected: 200, response time in milliseconds: 21, url: http://localhost:8083/api/chains, response: 

classpath:karate/chains/chains.feature:13
status code was: 401, expected: 200, response time in milliseconds: 21, url: http://localhost:8083/api/chains/31, response: 

classpath:karate/chains/chains.feature:13
status code was: 401, expected: 200, response time in milliseconds: 16, url: http://localhost:8083/api/chains/name/Ethereum, response: 

classpath:karate/chains/chains.feature:13
status code was: 401, expected: 200, response time in milliseconds: 13, url: http://localhost:8083/api/addresses/20, response: 

classpath:karate/addresses/addresses.feature:14
status code was: 401, expected: 200, response time in milliseconds: 19, url: http://localhost:8083/api/addresses, response: 

classpath:karate/addresses/addresses.feature:14
status code was: 401, expected: 200, response time in milliseconds: 16, url: http://localhost:8083/api/addresses/20/chains, response: 

classpath:karate/addresses/addresses.feature:14
status code was: 401, expected: 200, response time in milliseconds: 13, url: http://localhost:8083/api/users, response: 

classpath:karate/users/users.feature:15
status code was: 401, expected: 201, response time in milliseconds: 9, url: http://localhost:8083/api/users, response: 

classpath:karate/users/users.feature:55 ==> expected: <0> but was: <28>
	at karate.ApiTest.testParallel(ApiTest.java:17)
]]></failure>
    <system-out><![CDATA[13:34:32.955 [main] INFO  com.intuit.karate.Runner - using system property 'karate.options': --tags ~@ignore
13:34:34.535 [main] DEBUG com.intuit.karate.Suite - [config] classpath:karate-config.js
13:34:35.780 [main] INFO  com.intuit.karate - karate.env system property was: null 
13:34:35.785 [main] INFO  com.intuit.karate - karate.env is: local 
13:34:35.786 [main] INFO  com.intuit.karate - Database Password: abc123!! 
13:34:35.788 [main] INFO  com.intuit.karate - Using Local or H2 environment. Base URL: http://localhost:8083/ 
13:34:35.792 [main] INFO  com.intuit.karate - >> lock acquired, begin callSingle: classpath:utils/createToken.feature
13:34:36.346 [main] DEBUG com.intuit.karate - request:
1 > POST http://localhost:8083//api/users/auth/register
1 > Accept: application/json
1 > Content-Type: application/json; charset=UTF-8
1 > Content-Length: 134
1 > Host: localhost:8083
1 > Connection: Keep-Alive
1 > User-Agent: Apache-HttpClient/4.5.13 (Java/17.0.10)
1 > Accept-Encoding: gzip,deflate
{"username":"thomas1@gmail.com","password":"password","email":"thomas1@gmail.com","lastName":"#(lastName)","firstName":"#(firstName)"}

13:34:36.440 [main] DEBUG com.intuit.karate - response time in milliseconds: 91
1 < 200
1 < Vary: Origin
1 < Vary: Access-Control-Request-Method
1 < Vary: Access-Control-Request-Headers
1 < X-Content-Type-Options: nosniff
1 < X-XSS-Protection: 0
1 < Cache-Control: no-cache, no-store, max-age=0, must-revalidate
1 < Pragma: no-cache
1 < Expires: 0
1 < X-Frame-Options: SAMEORIGIN
1 < Content-Length: 0
1 < Date: Wed, 09 Apr 2025 17:34:36 GMT
1 < Keep-Alive: timeout=60
1 < Connection: keep-alive

13:34:36.446 [main] DEBUG com.intuit.karate - request:
2 > POST http://localhost:8083//api/users/auth/login
2 > Accept: application/json
2 > Content-Type: application/json; charset=UTF-8
2 > Content-Length: 54
2 > Host: localhost:8083
2 > Connection: Keep-Alive
2 > User-Agent: Apache-HttpClient/4.5.13 (Java/17.0.10)
2 > Accept-Encoding: gzip,deflate
{"username":"thomas1@gmail.com","password":"password"}

13:34:36.710 [main] DEBUG com.intuit.karate - response time in milliseconds: 263
2 < 200
2 < Vary: Origin
2 < Vary: Access-Control-Request-Method
2 < Vary: Access-Control-Request-Headers
2 < X-Content-Type-Options: nosniff
2 < X-XSS-Protection: 0
2 < Cache-Control: no-cache, no-store, max-age=0, must-revalidate
2 < Pragma: no-cache
2 < Expires: 0
2 < X-Frame-Options: SAMEORIGIN
2 < Content-Length: 0
2 < Date: Wed, 09 Apr 2025 17:34:36 GMT
2 < Keep-Alive: timeout=60
2 < Connection: keep-alive

13:34:36.717 [main] INFO  com.intuit.karate - << lock released, cached callSingle: classpath:utils/createToken.feature
13:34:36.740 [main] DEBUG com.intuit.karate - request:
1 > GET http://localhost:8083/api/addresses
1 > Authorization: Bearer null
1 > Host: localhost:8083
1 > Connection: Keep-Alive
1 > User-Agent: Apache-HttpClient/4.5.13 (Java/17.0.10)
1 > Accept-Encoding: gzip,deflate


13:34:36.750 [main] DEBUG com.intuit.karate - response time in milliseconds: 10
1 < 401
1 < X-Content-Type-Options: nosniff
1 < X-XSS-Protection: 0
1 < Cache-Control: no-cache, no-store, max-age=0, must-revalidate
1 < Pragma: no-cache
1 < Expires: 0
1 < X-Frame-Options: SAMEORIGIN
1 < Content-Length: 0
1 < Date: Wed, 09 Apr 2025 17:34:36 GMT
1 < Keep-Alive: timeout=60
1 < Connection: keep-alive

13:34:36.753 [main] ERROR com.intuit.karate - classpath:karate/apiTest.feature:15
Then status 200
status code was: 401, expected: 200, response time in milliseconds: 10, url: http://localhost:8083/api/addresses, response: 

classpath:karate/apiTest.feature:15
13:34:36.767 [main] INFO  com.intuit.karate - karate.env system property was: null 
13:34:36.768 [main] INFO  com.intuit.karate - karate.env is: local 
13:34:36.768 [main] INFO  com.intuit.karate - Database Password: abc123!! 
13:34:36.769 [main] INFO  com.intuit.karate - Using Local or H2 environment. Base URL: http://localhost:8083/ 
13:34:36.777 [main] DEBUG com.intuit.karate - request:
1 > GET http://localhost:8083/api/addresses/20
1 > Authorization: Bearer null
1 > Host: localhost:8083
1 > Connection: Keep-Alive
1 > User-Agent: Apache-HttpClient/4.5.13 (Java/17.0.10)
1 > Accept-Encoding: gzip,deflate


13:34:36.788 [main] DEBUG com.intuit.karate - response time in milliseconds: 10
1 < 401
1 < X-Content-Type-Options: nosniff
1 < X-XSS-Protection: 0
1 < Cache-Control: no-cache, no-store, max-age=0, must-revalidate
1 < Pragma: no-cache
1 < Expires: 0
1 < X-Frame-Options: SAMEORIGIN
1 < Content-Length: 0
1 < Date: Wed, 09 Apr 2025 17:34:36 GMT
1 < Keep-Alive: timeout=60
1 < Connection: keep-alive

13:34:36.791 [main] ERROR com.intuit.karate - classpath:karate/apiTest.feature:15
Then status 200
status code was: 401, expected: 200, response time in milliseconds: 10, url: http://localhost:8083/api/addresses/20, response: 

classpath:karate/apiTest.feature:15
13:34:36.802 [main] INFO  com.intuit.karate - karate.env system property was: null 
13:34:36.803 [main] INFO  com.intuit.karate - karate.env is: local 
13:34:36.803 [main] INFO  com.intuit.karate - Database Password: abc123!! 
13:34:36.804 [main] INFO  com.intuit.karate - Using Local or H2 environment. Base URL: http://localhost:8083/ 
13:34:36.816 [main] DEBUG com.intuit.karate - request:
1 > GET http://localhost:8083/api/chains
1 > Authorization: Bearer null
1 > Host: localhost:8083
1 > Connection: Keep-Alive
1 > User-Agent: Apache-HttpClient/4.5.13 (Java/17.0.10)
1 > Accept-Encoding: gzip,deflate


13:34:36.832 [main] DEBUG com.intuit.karate - response time in milliseconds: 15
1 < 401
1 < X-Content-Type-Options: nosniff
1 < X-XSS-Protection: 0
1 < Cache-Control: no-cache, no-store, max-age=0, must-revalidate
1 < Pragma: no-cache
1 < Expires: 0
1 < X-Frame-Options: SAMEORIGIN
1 < Content-Length: 0
1 < Date: Wed, 09 Apr 2025 17:34:36 GMT
1 < Keep-Alive: timeout=60
1 < Connection: keep-alive

13:34:36.835 [main] ERROR com.intuit.karate - classpath:karate/apiTest.feature:15
Then status 200
status code was: 401, expected: 200, response time in milliseconds: 15, url: http://localhost:8083/api/chains, response: 

classpath:karate/apiTest.feature:15
13:34:36.845 [main] INFO  com.intuit.karate - karate.env system property was: null 
13:34:36.846 [main] INFO  com.intuit.karate - karate.env is: local 
13:34:36.846 [main] INFO  com.intuit.karate - Database Password: abc123!! 
13:34:36.847 [main] INFO  com.intuit.karate - Using Local or H2 environment. Base URL: http://localhost:8083/ 
13:34:36.855 [main] DEBUG com.intuit.karate - request:
1 > GET http://localhost:8083/api/chains/30
1 > Authorization: Bearer null
1 > Host: localhost:8083
1 > Connection: Keep-Alive
1 > User-Agent: Apache-HttpClient/4.5.13 (Java/17.0.10)
1 > Accept-Encoding: gzip,deflate


13:34:36.866 [main] DEBUG com.intuit.karate - response time in milliseconds: 11
1 < 401
1 < X-Content-Type-Options: nosniff
1 < X-XSS-Protection: 0
1 < Cache-Control: no-cache, no-store, max-age=0, must-revalidate
1 < Pragma: no-cache
1 < Expires: 0
1 < X-Frame-Options: SAMEORIGIN
1 < Content-Length: 0
1 < Date: Wed, 09 Apr 2025 17:34:36 GMT
1 < Keep-Alive: timeout=60
1 < Connection: keep-alive

13:34:36.868 [main] ERROR com.intuit.karate - classpath:karate/apiTest.feature:15
Then status 200
status code was: 401, expected: 200, response time in milliseconds: 11, url: http://localhost:8083/api/chains/30, response: 

classpath:karate/apiTest.feature:15
13:34:36.877 [main] INFO  com.intuit.karate - karate.env system property was: null 
13:34:36.877 [main] INFO  com.intuit.karate - karate.env is: local 
13:34:36.878 [main] INFO  com.intuit.karate - Database Password: abc123!! 
13:34:36.878 [main] INFO  com.intuit.karate - Using Local or H2 environment. Base URL: http://localhost:8083/ 
13:34:36.883 [main] DEBUG com.intuit.karate - request:
1 > GET http://localhost:8083/api/users
1 > Authorization: Bearer null
1 > Host: localhost:8083
1 > Connection: Keep-Alive
1 > User-Agent: Apache-HttpClient/4.5.13 (Java/17.0.10)
1 > Accept-Encoding: gzip,deflate


13:34:36.896 [main] DEBUG com.intuit.karate - response time in milliseconds: 12
1 < 401
1 < X-Content-Type-Options: nosniff
1 < X-XSS-Protection: 0
1 < Cache-Control: no-cache, no-store, max-age=0, must-revalidate
1 < Pragma: no-cache
1 < Expires: 0
1 < X-Frame-Options: SAMEORIGIN
1 < Content-Length: 0
1 < Date: Wed, 09 Apr 2025 17:34:36 GMT
1 < Keep-Alive: timeout=60
1 < Connection: keep-alive

13:34:36.898 [main] ERROR com.intuit.karate - classpath:karate/apiTest.feature:15
Then status 200
status code was: 401, expected: 200, response time in milliseconds: 12, url: http://localhost:8083/api/users, response: 

classpath:karate/apiTest.feature:15
13:34:36.906 [main] INFO  com.intuit.karate - karate.env system property was: null 
13:34:36.906 [main] INFO  com.intuit.karate - karate.env is: local 
13:34:36.907 [main] INFO  com.intuit.karate - Database Password: abc123!! 
13:34:36.907 [main] INFO  com.intuit.karate - Using Local or H2 environment. Base URL: http://localhost:8083/ 
13:34:36.920 [main] DEBUG com.intuit.karate - request:
1 > GET http://localhost:8083/api/users/11
1 > Authorization: Bearer null
1 > Host: localhost:8083
1 > Connection: Keep-Alive
1 > User-Agent: Apache-HttpClient/4.5.13 (Java/17.0.10)
1 > Accept-Encoding: gzip,deflate


13:34:36.932 [main] DEBUG com.intuit.karate - response time in milliseconds: 11
1 < 401
1 < X-Content-Type-Options: nosniff
1 < X-XSS-Protection: 0
1 < Cache-Control: no-cache, no-store, max-age=0, must-revalidate
1 < Pragma: no-cache
1 < Expires: 0
1 < X-Frame-Options: SAMEORIGIN
1 < Content-Length: 0
1 < Date: Wed, 09 Apr 2025 17:34:36 GMT
1 < Keep-Alive: timeout=60
1 < Connection: keep-alive

13:34:36.933 [main] ERROR com.intuit.karate - classpath:karate/apiTest.feature:15
Then status 200
status code was: 401, expected: 200, response time in milliseconds: 11, url: http://localhost:8083/api/users/11, response: 

classpath:karate/apiTest.feature:15
13:34:36.942 [main] INFO  com.intuit.karate - karate.env system property was: null 
13:34:36.942 [main] INFO  com.intuit.karate - karate.env is: local 
13:34:36.943 [main] INFO  com.intuit.karate - Database Password: abc123!! 
13:34:36.943 [main] INFO  com.intuit.karate - Using Local or H2 environment. Base URL: http://localhost:8083/ 
13:34:36.948 [main] DEBUG com.intuit.karate - request:
1 > GET http://localhost:8083/api/coins
1 > Authorization: Bearer null
1 > Host: localhost:8083
1 > Connection: Keep-Alive
1 > User-Agent: Apache-HttpClient/4.5.13 (Java/17.0.10)
1 > Accept-Encoding: gzip,deflate


13:34:36.963 [main] DEBUG com.intuit.karate - response time in milliseconds: 15
1 < 401
1 < X-Content-Type-Options: nosniff
1 < X-XSS-Protection: 0
1 < Cache-Control: no-cache, no-store, max-age=0, must-revalidate
1 < Pragma: no-cache
1 < Expires: 0
1 < X-Frame-Options: SAMEORIGIN
1 < Content-Length: 0
1 < Date: Wed, 09 Apr 2025 17:34:36 GMT
1 < Keep-Alive: timeout=60
1 < Connection: keep-alive

13:34:36.965 [main] ERROR com.intuit.karate - classpath:karate/apiTest.feature:15
Then status 200
status code was: 401, expected: 200, response time in milliseconds: 15, url: http://localhost:8083/api/coins, response: 

classpath:karate/apiTest.feature:15
13:34:36.974 [main] INFO  com.intuit.karate - karate.env system property was: null 
13:34:36.974 [main] INFO  com.intuit.karate - karate.env is: local 
13:34:36.975 [main] INFO  com.intuit.karate - Database Password: abc123!! 
13:34:36.975 [main] INFO  com.intuit.karate - Using Local or H2 environment. Base URL: http://localhost:8083/ 
13:34:36.981 [main] DEBUG com.intuit.karate - request:
1 > GET http://localhost:8083/api/coins/40
1 > Authorization: Bearer null
1 > Host: localhost:8083
1 > Connection: Keep-Alive
1 > User-Agent: Apache-HttpClient/4.5.13 (Java/17.0.10)
1 > Accept-Encoding: gzip,deflate


13:34:36.994 [main] DEBUG com.intuit.karate - response time in milliseconds: 13
1 < 401
1 < X-Content-Type-Options: nosniff
1 < X-XSS-Protection: 0
1 < Cache-Control: no-cache, no-store, max-age=0, must-revalidate
1 < Pragma: no-cache
1 < Expires: 0
1 < X-Frame-Options: SAMEORIGIN
1 < Content-Length: 0
1 < Date: Wed, 09 Apr 2025 17:34:36 GMT
1 < Keep-Alive: timeout=60
1 < Connection: keep-alive

13:34:36.995 [main] ERROR com.intuit.karate - classpath:karate/apiTest.feature:15
Then status 200
status code was: 401, expected: 200, response time in milliseconds: 13, url: http://localhost:8083/api/coins/40, response: 

classpath:karate/apiTest.feature:15
13:34:37.003 [main] INFO  com.intuit.karate - karate.env system property was: null 
13:34:37.003 [main] INFO  com.intuit.karate - karate.env is: local 
13:34:37.005 [main] INFO  com.intuit.karate - Database Password: abc123!! 
13:34:37.005 [main] INFO  com.intuit.karate - Using Local or H2 environment. Base URL: http://localhost:8083/ 
13:34:37.036 [main] DEBUG com.intuit.karate - request:
1 > GET http://localhost:8083/api/nftCoins
1 > Authorization: Bearer null
1 > Host: localhost:8083
1 > Connection: Keep-Alive
1 > User-Agent: Apache-HttpClient/4.5.13 (Java/17.0.10)
1 > Accept-Encoding: gzip,deflate


13:34:37.076 [main] DEBUG com.intuit.karate - response time in milliseconds: 40
1 < 401
1 < X-Content-Type-Options: nosniff
1 < X-XSS-Protection: 0
1 < Cache-Control: no-cache, no-store, max-age=0, must-revalidate
1 < Pragma: no-cache
1 < Expires: 0
1 < X-Frame-Options: SAMEORIGIN
1 < Content-Length: 0
1 < Date: Wed, 09 Apr 2025 17:34:37 GMT
1 < Keep-Alive: timeout=60
1 < Connection: keep-alive

13:34:37.078 [main] ERROR com.intuit.karate - classpath:karate/apiTest.feature:15
Then status 200
status code was: 401, expected: 200, response time in milliseconds: 40, url: http://localhost:8083/api/nftCoins, response: 

classpath:karate/apiTest.feature:15
13:34:37.086 [main] INFO  com.intuit.karate - karate.env system property was: null 
13:34:37.087 [main] INFO  com.intuit.karate - karate.env is: local 
13:34:37.087 [main] INFO  com.intuit.karate - Database Password: abc123!! 
13:34:37.088 [main] INFO  com.intuit.karate - Using Local or H2 environment. Base URL: http://localhost:8083/ 
13:34:37.094 [main] DEBUG com.intuit.karate - request:
1 > GET http://localhost:8083/api/nftCoins/70
1 > Authorization: Bearer null
1 > Host: localhost:8083
1 > Connection: Keep-Alive
1 > User-Agent: Apache-HttpClient/4.5.13 (Java/17.0.10)
1 > Accept-Encoding: gzip,deflate


13:34:37.111 [main] DEBUG com.intuit.karate - response time in milliseconds: 16
1 < 401
1 < X-Content-Type-Options: nosniff
1 < X-XSS-Protection: 0
1 < Cache-Control: no-cache, no-store, max-age=0, must-revalidate
1 < Pragma: no-cache
1 < Expires: 0
1 < X-Frame-Options: SAMEORIGIN
1 < Content-Length: 0
1 < Date: Wed, 09 Apr 2025 17:34:37 GMT
1 < Keep-Alive: timeout=60
1 < Connection: keep-alive

13:34:37.112 [main] ERROR com.intuit.karate - classpath:karate/apiTest.feature:15
Then status 200
status code was: 401, expected: 200, response time in milliseconds: 16, url: http://localhost:8083/api/nftCoins/70, response: 

classpath:karate/apiTest.feature:15
---------------------------------------------------------
feature: classpath:karate/apiTest.feature
scenarios: 10 | passed:  0 | failed: 10 | time: 0.2024
---------------------------------------------------------

13:34:38.804 [main] INFO  com.intuit.karate.Suite - <<fail>> feature 1 of 9 (0 remaining) classpath:karate/apiTest.feature
13:34:38.822 [main] INFO  com.intuit.karate - karate.env system property was: null 
13:34:38.823 [main] INFO  com.intuit.karate - karate.env is: local 
13:34:38.824 [main] INFO  com.intuit.karate - Database Password: abc123!! 
13:34:38.825 [main] INFO  com.intuit.karate - Using Local or H2 environment. Base URL: http://localhost:8083/ 
13:34:38.835 [main] DEBUG com.intuit.karate - request:
1 > GET http://localhost:8083/api/addresses/20
1 > Authorization: Bearer null
1 > Host: localhost:8083
1 > Connection: Keep-Alive
1 > User-Agent: Apache-HttpClient/4.5.13 (Java/17.0.10)
1 > Accept-Encoding: gzip,deflate


13:34:38.849 [main] DEBUG com.intuit.karate - response time in milliseconds: 13
1 < 401
1 < X-Content-Type-Options: nosniff
1 < X-XSS-Protection: 0
1 < Cache-Control: no-cache, no-store, max-age=0, must-revalidate
1 < Pragma: no-cache
1 < Expires: 0
1 < X-Frame-Options: SAMEORIGIN
1 < Content-Length: 0
1 < Date: Wed, 09 Apr 2025 17:34:38 GMT
1 < Keep-Alive: timeout=60
1 < Connection: keep-alive

13:34:38.851 [main] ERROR com.intuit.karate - classpath:karate/addresses/addresses.feature:14
Then status 200
status code was: 401, expected: 200, response time in milliseconds: 13, url: http://localhost:8083/api/addresses/20, response: 

classpath:karate/addresses/addresses.feature:14
13:34:38.862 [main] INFO  com.intuit.karate - karate.env system property was: null 
13:34:38.863 [main] INFO  com.intuit.karate - karate.env is: local 
13:34:38.863 [main] INFO  com.intuit.karate - Database Password: abc123!! 
13:34:38.865 [main] INFO  com.intuit.karate - Using Local or H2 environment. Base URL: http://localhost:8083/ 
13:34:38.872 [main] DEBUG com.intuit.karate - request:
1 > GET http://localhost:8083/api/addresses
1 > Authorization: Bearer null
1 > Host: localhost:8083
1 > Connection: Keep-Alive
1 > User-Agent: Apache-HttpClient/4.5.13 (Java/17.0.10)
1 > Accept-Encoding: gzip,deflate


13:34:38.892 [main] DEBUG com.intuit.karate - response time in milliseconds: 19
1 < 401
1 < X-Content-Type-Options: nosniff
1 < X-XSS-Protection: 0
1 < Cache-Control: no-cache, no-store, max-age=0, must-revalidate
1 < Pragma: no-cache
1 < Expires: 0
1 < X-Frame-Options: SAMEORIGIN
1 < Content-Length: 0
1 < Date: Wed, 09 Apr 2025 17:34:38 GMT
1 < Keep-Alive: timeout=60
1 < Connection: keep-alive

13:34:38.894 [main] ERROR com.intuit.karate - classpath:karate/addresses/addresses.feature:14
Then status 200
status code was: 401, expected: 200, response time in milliseconds: 19, url: http://localhost:8083/api/addresses, response: 

classpath:karate/addresses/addresses.feature:14
13:34:38.901 [main] INFO  com.intuit.karate - karate.env system property was: null 
13:34:38.901 [main] INFO  com.intuit.karate - karate.env is: local 
13:34:38.902 [main] INFO  com.intuit.karate - Database Password: abc123!! 
13:34:38.902 [main] INFO  com.intuit.karate - Using Local or H2 environment. Base URL: http://localhost:8083/ 
13:34:38.908 [main] DEBUG com.intuit.karate - request:
1 > GET http://localhost:8083/api/addresses/20/chains
1 > Authorization: Bearer null
1 > Host: localhost:8083
1 > Connection: Keep-Alive
1 > User-Agent: Apache-HttpClient/4.5.13 (Java/17.0.10)
1 > Accept-Encoding: gzip,deflate


13:34:38.924 [main] DEBUG com.intuit.karate - response time in milliseconds: 16
1 < 401
1 < X-Content-Type-Options: nosniff
1 < X-XSS-Protection: 0
1 < Cache-Control: no-cache, no-store, max-age=0, must-revalidate
1 < Pragma: no-cache
1 < Expires: 0
1 < X-Frame-Options: SAMEORIGIN
1 < Content-Length: 0
1 < Date: Wed, 09 Apr 2025 17:34:38 GMT
1 < Keep-Alive: timeout=60
1 < Connection: keep-alive

13:34:38.926 [main] ERROR com.intuit.karate - classpath:karate/addresses/addresses.feature:14
Then status 200
status code was: 401, expected: 200, response time in milliseconds: 16, url: http://localhost:8083/api/addresses/20/chains, response: 

classpath:karate/addresses/addresses.feature:14
---------------------------------------------------------
feature: classpath:karate/addresses/addresses.feature
scenarios:  3 | passed:  0 | failed:  3 | time: 0.0670
---------------------------------------------------------

13:34:39.216 [main] INFO  com.intuit.karate.Suite - <<fail>> feature 2 of 9 (0 remaining) classpath:karate/addresses/addresses.feature
13:34:39.241 [main] INFO  com.intuit.karate - karate.env system property was: null 
13:34:39.243 [main] INFO  com.intuit.karate - karate.env is: local 
13:34:39.244 [main] INFO  com.intuit.karate - Database Password: abc123!! 
13:34:39.245 [main] INFO  com.intuit.karate - Using Local or H2 environment. Base URL: http://localhost:8083/ 
13:34:39.253 [main] DEBUG com.intuit.karate - request:
1 > GET http://localhost:8083/api/chains
1 > Authorization: Bearer null
1 > Host: localhost:8083
1 > Connection: Keep-Alive
1 > User-Agent: Apache-HttpClient/4.5.13 (Java/17.0.10)
1 > Accept-Encoding: gzip,deflate


13:34:39.275 [main] DEBUG com.intuit.karate - response time in milliseconds: 21
1 < 401
1 < X-Content-Type-Options: nosniff
1 < X-XSS-Protection: 0
1 < Cache-Control: no-cache, no-store, max-age=0, must-revalidate
1 < Pragma: no-cache
1 < Expires: 0
1 < X-Frame-Options: SAMEORIGIN
1 < Content-Length: 0
1 < Date: Wed, 09 Apr 2025 17:34:39 GMT
1 < Keep-Alive: timeout=60
1 < Connection: keep-alive

13:34:39.277 [main] ERROR com.intuit.karate - classpath:karate/chains/chains.feature:13
Then status 200
status code was: 401, expected: 200, response time in milliseconds: 21, url: http://localhost:8083/api/chains, response: 

classpath:karate/chains/chains.feature:13
13:34:39.285 [main] INFO  com.intuit.karate - karate.env system property was: null 
13:34:39.285 [main] INFO  com.intuit.karate - karate.env is: local 
13:34:39.285 [main] INFO  com.intuit.karate - Database Password: abc123!! 
13:34:39.286 [main] INFO  com.intuit.karate - Using Local or H2 environment. Base URL: http://localhost:8083/ 
13:34:39.290 [main] DEBUG com.intuit.karate - request:
1 > GET http://localhost:8083/api/chains/31
1 > Authorization: Bearer null
1 > Host: localhost:8083
1 > Connection: Keep-Alive
1 > User-Agent: Apache-HttpClient/4.5.13 (Java/17.0.10)
1 > Accept-Encoding: gzip,deflate


13:34:39.311 [main] DEBUG com.intuit.karate - response time in milliseconds: 21
1 < 401
1 < X-Content-Type-Options: nosniff
1 < X-XSS-Protection: 0
1 < Cache-Control: no-cache, no-store, max-age=0, must-revalidate
1 < Pragma: no-cache
1 < Expires: 0
1 < X-Frame-Options: SAMEORIGIN
1 < Content-Length: 0
1 < Date: Wed, 09 Apr 2025 17:34:39 GMT
1 < Keep-Alive: timeout=60
1 < Connection: keep-alive

13:34:39.312 [main] ERROR com.intuit.karate - classpath:karate/chains/chains.feature:13
Then status 200
status code was: 401, expected: 200, response time in milliseconds: 21, url: http://localhost:8083/api/chains/31, response: 

classpath:karate/chains/chains.feature:13
13:34:39.318 [main] INFO  com.intuit.karate - karate.env system property was: null 
13:34:39.319 [main] INFO  com.intuit.karate - karate.env is: local 
13:34:39.319 [main] INFO  com.intuit.karate - Database Password: abc123!! 
13:34:39.319 [main] INFO  com.intuit.karate - Using Local or H2 environment. Base URL: http://localhost:8083/ 
13:34:39.324 [main] DEBUG com.intuit.karate - request:
1 > GET http://localhost:8083/api/chains/name/Ethereum
1 > Authorization: Bearer null
1 > Host: localhost:8083
1 > Connection: Keep-Alive
1 > User-Agent: Apache-HttpClient/4.5.13 (Java/17.0.10)
1 > Accept-Encoding: gzip,deflate


13:34:39.340 [main] DEBUG com.intuit.karate - response time in milliseconds: 16
1 < 401
1 < X-Content-Type-Options: nosniff
1 < X-XSS-Protection: 0
1 < Cache-Control: no-cache, no-store, max-age=0, must-revalidate
1 < Pragma: no-cache
1 < Expires: 0
1 < X-Frame-Options: SAMEORIGIN
1 < Content-Length: 0
1 < Date: Wed, 09 Apr 2025 17:34:39 GMT
1 < Keep-Alive: timeout=60
1 < Connection: keep-alive

13:34:39.342 [main] ERROR com.intuit.karate - classpath:karate/chains/chains.feature:13
Then status 200
status code was: 401, expected: 200, response time in milliseconds: 16, url: http://localhost:8083/api/chains/name/Ethereum, response: 

classpath:karate/chains/chains.feature:13
---------------------------------------------------------
feature: classpath:karate/chains/chains.feature
scenarios:  3 | passed:  0 | failed:  3 | time: 0.0744
---------------------------------------------------------

13:34:39.642 [main] INFO  com.intuit.karate.Suite - <<fail>> feature 3 of 9 (0 remaining) classpath:karate/chains/chains.feature
13:34:39.660 [main] INFO  com.intuit.karate - karate.env system property was: null 
13:34:39.661 [main] INFO  com.intuit.karate - karate.env is: local 
13:34:39.661 [main] INFO  com.intuit.karate - Database Password: abc123!! 
13:34:39.662 [main] INFO  com.intuit.karate - Using Local or H2 environment. Base URL: http://localhost:8083/ 
13:34:39.666 [main] ERROR com.intuit.karate - classpath:karate/jwtGetRequest/getWithJwtRequest.feature:6
* configure karate.baseUrl = karate.properties['baseUrl']
unexpected 'configure' key: 'karate.baseUrl'
classpath:karate/jwtGetRequest/getWithJwtRequest.feature:6
13:34:39.671 [main] INFO  com.intuit.karate - karate.env system property was: null 
13:34:39.672 [main] INFO  com.intuit.karate - karate.env is: local 
13:34:39.672 [main] INFO  com.intuit.karate - Database Password: abc123!! 
13:34:39.672 [main] INFO  com.intuit.karate - Using Local or H2 environment. Base URL: http://localhost:8083/ 
13:34:39.677 [main] ERROR com.intuit.karate - classpath:karate/jwtGetRequest/getWithJwtRequest.feature:6
* configure karate.baseUrl = karate.properties['baseUrl']
unexpected 'configure' key: 'karate.baseUrl'
classpath:karate/jwtGetRequest/getWithJwtRequest.feature:6
---------------------------------------------------------
feature: classpath:karate/jwtGetRequest/getWithJwtRequest.feature
scenarios:  2 | passed:  0 | failed:  2 | time: 0.0023
---------------------------------------------------------

13:34:39.814 [main] INFO  com.intuit.karate.Suite - <<fail>> feature 5 of 9 (0 remaining) classpath:karate/jwtGetRequest/getWithJwtRequest.feature
13:34:39.821 [main] INFO  com.intuit.karate - karate.env system property was: null 
13:34:39.822 [main] INFO  com.intuit.karate - karate.env is: local 
13:34:39.822 [main] INFO  com.intuit.karate - Database Password: abc123!! 
13:34:39.822 [main] INFO  com.intuit.karate - Using Local or H2 environment. Base URL: http://localhost:8083/ 
13:34:39.827 [main] DEBUG com.intuit.karate - request:
1 > GET http://localhost:8083/actuator/health
1 > Authorization: Bearer null
1 > Host: localhost:8083
1 > Connection: Keep-Alive
1 > User-Agent: Apache-HttpClient/4.5.13 (Java/17.0.10)
1 > Accept-Encoding: gzip,deflate


13:34:39.843 [main] DEBUG com.intuit.karate - response time in milliseconds: 15
1 < 401
1 < X-Content-Type-Options: nosniff
1 < X-XSS-Protection: 0
1 < Cache-Control: no-cache, no-store, max-age=0, must-revalidate
1 < Pragma: no-cache
1 < Expires: 0
1 < X-Frame-Options: SAMEORIGIN
1 < Content-Length: 0
1 < Date: Wed, 09 Apr 2025 17:34:39 GMT
1 < Keep-Alive: timeout=60
1 < Connection: keep-alive

13:34:39.844 [main] ERROR com.intuit.karate - classpath:karate/springActuator/springActuator.feature:15
Then status 200
status code was: 401, expected: 200, response time in milliseconds: 15, url: http://localhost:8083/actuator/health, response: 

classpath:karate/springActuator/springActuator.feature:15
13:34:39.849 [main] INFO  com.intuit.karate - karate.env system property was: null 
13:34:39.849 [main] INFO  com.intuit.karate - karate.env is: local 
13:34:39.850 [main] INFO  com.intuit.karate - Database Password: abc123!! 
13:34:39.850 [main] INFO  com.intuit.karate - Using Local or H2 environment. Base URL: http://localhost:8083/ 
13:34:39.853 [main] DEBUG com.intuit.karate - request:
1 > GET http://localhost:8083/actuator/info
1 > Authorization: Bearer null
1 > Host: localhost:8083
1 > Connection: Keep-Alive
1 > User-Agent: Apache-HttpClient/4.5.13 (Java/17.0.10)
1 > Accept-Encoding: gzip,deflate


13:34:39.865 [main] DEBUG com.intuit.karate - response time in milliseconds: 11
1 < 401
1 < X-Content-Type-Options: nosniff
1 < X-XSS-Protection: 0
1 < Cache-Control: no-cache, no-store, max-age=0, must-revalidate
1 < Pragma: no-cache
1 < Expires: 0
1 < X-Frame-Options: SAMEORIGIN
1 < Content-Length: 0
1 < Date: Wed, 09 Apr 2025 17:34:39 GMT
1 < Keep-Alive: timeout=60
1 < Connection: keep-alive

13:34:39.866 [main] ERROR com.intuit.karate - classpath:karate/springActuator/springActuator.feature:15
Then status 200
status code was: 401, expected: 200, response time in milliseconds: 11, url: http://localhost:8083/actuator/info, response: 

classpath:karate/springActuator/springActuator.feature:15
13:34:39.871 [main] INFO  com.intuit.karate - karate.env system property was: null 
13:34:39.872 [main] INFO  com.intuit.karate - karate.env is: local 
13:34:39.872 [main] INFO  com.intuit.karate - Database Password: abc123!! 
13:34:39.872 [main] INFO  com.intuit.karate - Using Local or H2 environment. Base URL: http://localhost:8083/ 
13:34:39.880 [main] DEBUG com.intuit.karate - request:
1 > GET http://localhost:8083/actuator/env
1 > Authorization: Bearer null
1 > Host: localhost:8083
1 > Connection: Keep-Alive
1 > User-Agent: Apache-HttpClient/4.5.13 (Java/17.0.10)
1 > Accept-Encoding: gzip,deflate


13:34:39.894 [main] DEBUG com.intuit.karate - response time in milliseconds: 14
1 < 401
1 < X-Content-Type-Options: nosniff
1 < X-XSS-Protection: 0
1 < Cache-Control: no-cache, no-store, max-age=0, must-revalidate
1 < Pragma: no-cache
1 < Expires: 0
1 < X-Frame-Options: SAMEORIGIN
1 < Content-Length: 0
1 < Date: Wed, 09 Apr 2025 17:34:39 GMT
1 < Keep-Alive: timeout=60
1 < Connection: keep-alive

13:34:39.895 [main] ERROR com.intuit.karate - classpath:karate/springActuator/springActuator.feature:15
Then status 200
status code was: 401, expected: 200, response time in milliseconds: 14, url: http://localhost:8083/actuator/env, response: 

classpath:karate/springActuator/springActuator.feature:15
13:34:39.900 [main] INFO  com.intuit.karate - karate.env system property was: null 
13:34:39.901 [main] INFO  com.intuit.karate - karate.env is: local 
13:34:39.901 [main] INFO  com.intuit.karate - Database Password: abc123!! 
13:34:39.901 [main] INFO  com.intuit.karate - Using Local or H2 environment. Base URL: http://localhost:8083/ 
13:34:39.905 [main] DEBUG com.intuit.karate - request:
1 > GET http://localhost:8083/actuator/metrics
1 > Authorization: Bearer null
1 > Host: localhost:8083
1 > Connection: Keep-Alive
1 > User-Agent: Apache-HttpClient/4.5.13 (Java/17.0.10)
1 > Accept-Encoding: gzip,deflate


13:34:39.917 [main] DEBUG com.intuit.karate - response time in milliseconds: 12
1 < 401
1 < X-Content-Type-Options: nosniff
1 < X-XSS-Protection: 0
1 < Cache-Control: no-cache, no-store, max-age=0, must-revalidate
1 < Pragma: no-cache
1 < Expires: 0
1 < X-Frame-Options: SAMEORIGIN
1 < Content-Length: 0
1 < Date: Wed, 09 Apr 2025 17:34:39 GMT
1 < Keep-Alive: timeout=60
1 < Connection: keep-alive

13:34:39.918 [main] ERROR com.intuit.karate - classpath:karate/springActuator/springActuator.feature:15
Then status 200
status code was: 401, expected: 200, response time in milliseconds: 12, url: http://localhost:8083/actuator/metrics, response: 

classpath:karate/springActuator/springActuator.feature:15
13:34:39.923 [main] INFO  com.intuit.karate - karate.env system property was: null 
13:34:39.923 [main] INFO  com.intuit.karate - karate.env is: local 
13:34:39.923 [main] INFO  com.intuit.karate - Database Password: abc123!! 
13:34:39.924 [main] INFO  com.intuit.karate - Using Local or H2 environment. Base URL: http://localhost:8083/ 
13:34:39.929 [main] DEBUG com.intuit.karate - request:
1 > GET http://localhost:8083/actuator/loggers
1 > Authorization: Bearer null
1 > Host: localhost:8083
1 > Connection: Keep-Alive
1 > User-Agent: Apache-HttpClient/4.5.13 (Java/17.0.10)
1 > Accept-Encoding: gzip,deflate


13:34:39.941 [main] DEBUG com.intuit.karate - response time in milliseconds: 12
1 < 401
1 < X-Content-Type-Options: nosniff
1 < X-XSS-Protection: 0
1 < Cache-Control: no-cache, no-store, max-age=0, must-revalidate
1 < Pragma: no-cache
1 < Expires: 0
1 < X-Frame-Options: SAMEORIGIN
1 < Content-Length: 0
1 < Date: Wed, 09 Apr 2025 17:34:39 GMT
1 < Keep-Alive: timeout=60
1 < Connection: keep-alive

13:34:39.942 [main] ERROR com.intuit.karate - classpath:karate/springActuator/springActuator.feature:15
Then status 200
status code was: 401, expected: 200, response time in milliseconds: 12, url: http://localhost:8083/actuator/loggers, response: 

classpath:karate/springActuator/springActuator.feature:15
---------------------------------------------------------
feature: classpath:karate/springActuator/springActuator.feature
scenarios:  5 | passed:  0 | failed:  5 | time: 0.0863
---------------------------------------------------------

13:34:40.069 [main] INFO  com.intuit.karate.Suite - <<fail>> feature 6 of 9 (0 remaining) classpath:karate/springActuator/springActuator.feature
13:34:40.079 [main] INFO  com.intuit.karate - karate.env system property was: null 
13:34:40.080 [main] INFO  com.intuit.karate - karate.env is: local 
13:34:40.080 [main] INFO  com.intuit.karate - Database Password: abc123!! 
13:34:40.080 [main] INFO  com.intuit.karate - Using Local or H2 environment. Base URL: http://localhost:8083/ 
13:34:40.089 [main] DEBUG com.intuit.karate - request:
1 > GET http://localhost:8083/rest/users
1 > Authorization: Bearer null
1 > Host: localhost:8083
1 > Connection: Keep-Alive
1 > User-Agent: Apache-HttpClient/4.5.13 (Java/17.0.10)
1 > Accept-Encoding: gzip,deflate


13:34:40.103 [main] DEBUG com.intuit.karate - response time in milliseconds: 14
1 < 401
1 < X-Content-Type-Options: nosniff
1 < X-XSS-Protection: 0
1 < Cache-Control: no-cache, no-store, max-age=0, must-revalidate
1 < Pragma: no-cache
1 < Expires: 0
1 < X-Frame-Options: SAMEORIGIN
1 < Content-Length: 0
1 < Date: Wed, 09 Apr 2025 17:34:40 GMT
1 < Keep-Alive: timeout=60
1 < Connection: keep-alive

13:34:40.105 [main] ERROR com.intuit.karate - classpath:karate/springRest/restData.feature:12
Then status 200
status code was: 401, expected: 200, response time in milliseconds: 14, url: http://localhost:8083/rest/users, response: 

classpath:karate/springRest/restData.feature:12
13:34:40.109 [main] INFO  com.intuit.karate - karate.env system property was: null 
13:34:40.110 [main] INFO  com.intuit.karate - karate.env is: local 
13:34:40.110 [main] INFO  com.intuit.karate - Database Password: abc123!! 
13:34:40.111 [main] INFO  com.intuit.karate - Using Local or H2 environment. Base URL: http://localhost:8083/ 
13:34:40.115 [main] DEBUG com.intuit.karate - request:
1 > GET http://localhost:8083/rest/users/20
1 > Authorization: Bearer null
1 > Host: localhost:8083
1 > Connection: Keep-Alive
1 > User-Agent: Apache-HttpClient/4.5.13 (Java/17.0.10)
1 > Accept-Encoding: gzip,deflate


13:34:40.128 [main] DEBUG com.intuit.karate - response time in milliseconds: 13
1 < 401
1 < X-Content-Type-Options: nosniff
1 < X-XSS-Protection: 0
1 < Cache-Control: no-cache, no-store, max-age=0, must-revalidate
1 < Pragma: no-cache
1 < Expires: 0
1 < X-Frame-Options: SAMEORIGIN
1 < Content-Length: 0
1 < Date: Wed, 09 Apr 2025 17:34:40 GMT
1 < Keep-Alive: timeout=60
1 < Connection: keep-alive

13:34:40.129 [main] ERROR com.intuit.karate - classpath:karate/springRest/restData.feature:25
Then status 200
status code was: 401, expected: 200, response time in milliseconds: 13, url: http://localhost:8083/rest/users/20, response: 

classpath:karate/springRest/restData.feature:25
13:34:40.133 [main] INFO  com.intuit.karate - karate.env system property was: null 
13:34:40.134 [main] INFO  com.intuit.karate - karate.env is: local 
13:34:40.134 [main] INFO  com.intuit.karate - Database Password: abc123!! 
13:34:40.134 [main] INFO  com.intuit.karate - Using Local or H2 environment. Base URL: http://localhost:8083/ 
13:34:40.138 [main] DEBUG com.intuit.karate - request:
1 > POST http://localhost:8083/rest/users
1 > Authorization: Bearer null
1 > Content-Type: application/json; charset=UTF-8
1 > Content-Length: 147
1 > Host: localhost:8083
1 > Connection: Keep-Alive
1 > User-Agent: Apache-HttpClient/4.5.13 (Java/17.0.10)
1 > Accept-Encoding: gzip,deflate
{"username":"newuser@gmail.com","password":"newpassword","firstName":"New","lastName":"User","userType":1,"email":"newuser@gmail.com","isActive":1}

13:34:40.156 [main] DEBUG com.intuit.karate - response time in milliseconds: 17
1 < 401
1 < X-Content-Type-Options: nosniff
1 < X-XSS-Protection: 0
1 < Cache-Control: no-cache, no-store, max-age=0, must-revalidate
1 < Pragma: no-cache
1 < Expires: 0
1 < X-Frame-Options: SAMEORIGIN
1 < Content-Length: 0
1 < Date: Wed, 09 Apr 2025 17:34:40 GMT
1 < Keep-Alive: timeout=60
1 < Connection: keep-alive

13:34:40.160 [main] DEBUG com.intuit.karate - request:
2 > PUT http://localhost:8083/rest/users/20
2 > Authorization: Bearer null
2 > Content-Type: application/json; charset=UTF-8
2 > Content-Length: 63
2 > Host: localhost:8083
2 > Connection: Keep-Alive
2 > User-Agent: Apache-HttpClient/4.5.13 (Java/17.0.10)
2 > Accept-Encoding: gzip,deflate
{"userId":"20\n  \"firstName\": \"Updated\"","lastName":"User"}

13:34:40.177 [main] DEBUG com.intuit.karate - response time in milliseconds: 17
2 < 401
2 < X-Content-Type-Options: nosniff
2 < X-XSS-Protection: 0
2 < Cache-Control: no-cache, no-store, max-age=0, must-revalidate
2 < Pragma: no-cache
2 < Expires: 0
2 < X-Frame-Options: SAMEORIGIN
2 < Content-Length: 0
2 < Date: Wed, 09 Apr 2025 17:34:40 GMT
2 < Keep-Alive: timeout=60
2 < Connection: keep-alive

13:34:40.182 [main] DEBUG com.intuit.karate - request:
3 > GET http://localhost:8083/rest/users/20/addresses
3 > Authorization: Bearer null
3 > Host: localhost:8083
3 > Connection: Keep-Alive
3 > User-Agent: Apache-HttpClient/4.5.13 (Java/17.0.10)
3 > Accept-Encoding: gzip,deflate


13:34:40.196 [main] DEBUG com.intuit.karate - response time in milliseconds: 14
3 < 401
3 < X-Content-Type-Options: nosniff
3 < X-XSS-Protection: 0
3 < Cache-Control: no-cache, no-store, max-age=0, must-revalidate
3 < Pragma: no-cache
3 < Expires: 0
3 < X-Frame-Options: SAMEORIGIN
3 < Content-Length: 0
3 < Date: Wed, 09 Apr 2025 17:34:40 GMT
3 < Keep-Alive: timeout=60
3 < Connection: keep-alive

13:34:40.197 [main] ERROR com.intuit.karate - classpath:karate/springRest/restData.feature:88
Then status 200
status code was: 401, expected: 200, response time in milliseconds: 14, url: http://localhost:8083/rest/users/20/addresses, response: 

classpath:karate/springRest/restData.feature:88
---------------------------------------------------------
feature: classpath:karate/springRest/restData.feature
scenarios:  3 | passed:  0 | failed:  3 | time: 0.1005
---------------------------------------------------------

13:34:40.410 [main] INFO  com.intuit.karate.Suite - <<fail>> feature 7 of 9 (0 remaining) classpath:karate/springRest/restData.feature
13:34:40.417 [main] INFO  com.intuit.karate - karate.env system property was: null 
13:34:40.418 [main] INFO  com.intuit.karate - karate.env is: local 
13:34:40.418 [main] INFO  com.intuit.karate - Database Password: abc123!! 
13:34:40.418 [main] INFO  com.intuit.karate - Using Local or H2 environment. Base URL: http://localhost:8083/ 
13:34:40.422 [main] DEBUG com.intuit.karate - request:
1 > GET http://localhost:8083/api/users
1 > Authorization: Bearer null
1 > Host: localhost:8083
1 > Connection: Keep-Alive
1 > User-Agent: Apache-HttpClient/4.5.13 (Java/17.0.10)
1 > Accept-Encoding: gzip,deflate


13:34:40.435 [main] DEBUG com.intuit.karate - response time in milliseconds: 13
1 < 401
1 < X-Content-Type-Options: nosniff
1 < X-XSS-Protection: 0
1 < Cache-Control: no-cache, no-store, max-age=0, must-revalidate
1 < Pragma: no-cache
1 < Expires: 0
1 < X-Frame-Options: SAMEORIGIN
1 < Content-Length: 0
1 < Date: Wed, 09 Apr 2025 17:34:40 GMT
1 < Keep-Alive: timeout=60
1 < Connection: keep-alive

13:34:40.437 [main] ERROR com.intuit.karate - classpath:karate/users/users.feature:15
Then status 200
status code was: 401, expected: 200, response time in milliseconds: 13, url: http://localhost:8083/api/users, response: 

classpath:karate/users/users.feature:15
13:34:40.443 [main] INFO  com.intuit.karate - karate.env system property was: null 
13:34:40.443 [main] INFO  com.intuit.karate - karate.env is: local 
13:34:40.444 [main] INFO  com.intuit.karate - Database Password: abc123!! 
13:34:40.444 [main] INFO  com.intuit.karate - Using Local or H2 environment. Base URL: http://localhost:8083/ 
13:34:40.455 [main] INFO  com.intuit.karate - [print] _______________________ID____:user1005@gmail.com 
13:34:40.460 [main] DEBUG com.intuit.karate - request:
1 > POST http://localhost:8083/api/users
1 > Authorization: Bearer null
1 > Content-Type: application/json; charset=UTF-8
1 > Content-Length: 292
1 > Host: localhost:8083
1 > Connection: Keep-Alive
1 > User-Agent: Apache-HttpClient/4.5.13 (Java/17.0.10)
1 > Accept-Encoding: gzip,deflate
{"username":"user1005@gmail.com","lastName":"Wonderland","firstName":"Alice","organizationCode":"ORG001","dashboardCode":"DASH-A","cusUrl":"https:\/\/example.com\/alice","userType":1,"email":"user1005@gmail.com","contactType":101,"isActive":1,"roles":[{"id":1,"name":"ROLE_ADMIN"}],"id":null}

13:34:40.469 [main] DEBUG com.intuit.karate - response time in milliseconds: 9
1 < 401
1 < X-Content-Type-Options: nosniff
1 < X-XSS-Protection: 0
1 < Cache-Control: no-cache, no-store, max-age=0, must-revalidate
1 < Pragma: no-cache
1 < Expires: 0
1 < X-Frame-Options: SAMEORIGIN
1 < Content-Length: 0
1 < Date: Wed, 09 Apr 2025 17:34:40 GMT
1 < Keep-Alive: timeout=60
1 < Connection: keep-alive

13:34:40.470 [main] ERROR com.intuit.karate - classpath:karate/users/users.feature:55
Then status 201
status code was: 401, expected: 201, response time in milliseconds: 9, url: http://localhost:8083/api/users, response: 

classpath:karate/users/users.feature:55
---------------------------------------------------------
feature: classpath:karate/users/users.feature
scenarios:  2 | passed:  0 | failed:  2 | time: 0.0417
---------------------------------------------------------

13:34:40.613 [main] INFO  com.intuit.karate.Suite - <<fail>> feature 9 of 9 (0 remaining) classpath:karate/users/users.feature
13:34:40.614 [main] DEBUG com.intuit.karate.Suite - waiting for 9 features to complete
Karate version: 1.1.0
======================================================
elapsed:   7.67 | threads:    1 | thread time: 0.57 
features:     7 | skipped:    2 | efficiency: 0.07
scenarios:   28 | passed:     0 | failed: 28
======================================================
>>> failed features:
unexpected 'configure' key: 'karate.baseUrl'
classpath:karate/jwtGetRequest/getWithJwtRequest.feature:6
unexpected 'configure' key: 'karate.baseUrl'
classpath:karate/jwtGetRequest/getWithJwtRequest.feature:6
status code was: 401, expected: 200, response time in milliseconds: 10, url: http://localhost:8083/api/addresses, response: 

classpath:karate/apiTest.feature:15
status code was: 401, expected: 200, response time in milliseconds: 10, url: http://localhost:8083/api/addresses/20, response: 

classpath:karate/apiTest.feature:15
status code was: 401, expected: 200, response time in milliseconds: 15, url: http://localhost:8083/api/chains, response: 

classpath:karate/apiTest.feature:15
status code was: 401, expected: 200, response time in milliseconds: 11, url: http://localhost:8083/api/chains/30, response: 

classpath:karate/apiTest.feature:15
status code was: 401, expected: 200, response time in milliseconds: 12, url: http://localhost:8083/api/users, response: 

classpath:karate/apiTest.feature:15
status code was: 401, expected: 200, response time in milliseconds: 11, url: http://localhost:8083/api/users/11, response: 

classpath:karate/apiTest.feature:15
status code was: 401, expected: 200, response time in milliseconds: 15, url: http://localhost:8083/api/coins, response: 

classpath:karate/apiTest.feature:15
status code was: 401, expected: 200, response time in milliseconds: 13, url: http://localhost:8083/api/coins/40, response: 

classpath:karate/apiTest.feature:15
status code was: 401, expected: 200, response time in milliseconds: 40, url: http://localhost:8083/api/nftCoins, response: 

classpath:karate/apiTest.feature:15
status code was: 401, expected: 200, response time in milliseconds: 16, url: http://localhost:8083/api/nftCoins/70, response: 

classpath:karate/apiTest.feature:15
status code was: 401, expected: 200, response time in milliseconds: 15, url: http://localhost:8083/actuator/health, response: 

classpath:karate/springActuator/springActuator.feature:15
status code was: 401, expected: 200, response time in milliseconds: 11, url: http://localhost:8083/actuator/info, response: 

classpath:karate/springActuator/springActuator.feature:15
status code was: 401, expected: 200, response time in milliseconds: 14, url: http://localhost:8083/actuator/env, response: 

classpath:karate/springActuator/springActuator.feature:15
status code was: 401, expected: 200, response time in milliseconds: 12, url: http://localhost:8083/actuator/metrics, response: 

classpath:karate/springActuator/springActuator.feature:15
status code was: 401, expected: 200, response time in milliseconds: 12, url: http://localhost:8083/actuator/loggers, response: 

classpath:karate/springActuator/springActuator.feature:15
status code was: 401, expected: 200, response time in milliseconds: 14, url: http://localhost:8083/rest/users, response: 

classpath:karate/springRest/restData.feature:12
status code was: 401, expected: 200, response time in milliseconds: 13, url: http://localhost:8083/rest/users/20, response: 

classpath:karate/springRest/restData.feature:25
status code was: 401, expected: 200, response time in milliseconds: 14, url: http://localhost:8083/rest/users/20/addresses, response: 

classpath:karate/springRest/restData.feature:88
status code was: 401, expected: 200, response time in milliseconds: 21, url: http://localhost:8083/api/chains, response: 

classpath:karate/chains/chains.feature:13
status code was: 401, expected: 200, response time in milliseconds: 21, url: http://localhost:8083/api/chains/31, response: 

classpath:karate/chains/chains.feature:13
status code was: 401, expected: 200, response time in milliseconds: 16, url: http://localhost:8083/api/chains/name/Ethereum, response: 

classpath:karate/chains/chains.feature:13
status code was: 401, expected: 200, response time in milliseconds: 13, url: http://localhost:8083/api/addresses/20, response: 

classpath:karate/addresses/addresses.feature:14
status code was: 401, expected: 200, response time in milliseconds: 19, url: http://localhost:8083/api/addresses, response: 

classpath:karate/addresses/addresses.feature:14
status code was: 401, expected: 200, response time in milliseconds: 16, url: http://localhost:8083/api/addresses/20/chains, response: 

classpath:karate/addresses/addresses.feature:14
status code was: 401, expected: 200, response time in milliseconds: 13, url: http://localhost:8083/api/users, response: 

classpath:karate/users/users.feature:15
status code was: 401, expected: 201, response time in milliseconds: 9, url: http://localhost:8083/api/users, response: 

classpath:karate/users/users.feature:55
<<<

HTML report: (paste into browser to view) | Karate version: 1.1.0
file:///C:/Users/thoma/git/bitcoinBuyer1_CryptoMaven.xyz/cryptomaven-rest/functional-tests/target/karate-reports/karate-summary.html
===================================================================

]]></system-out>
  </testcase>
</testsuite>